Wed, 27 Dec 2017 14:19:38 weather.py[line:28] DEBUG 城市：北京
现在的温度：1°
最高气温：4°
最低温度：-5°
天气情况:多云转晴
PM值：PM 2.5
舒适指数：('116', '轻')

Wed, 27 Dec 2017 14:20:25 weather.py[line:28] DEBUG 城市：北京
现在的温度：1°
最高气温：4°
最低温度：-5°
天气情况:多云转晴
PM值：PM 2.5
舒适指数：('116', '轻')

2017-12-27 14:21:44 weather.py[line:28] DEBUG 城市：北京
现在的温度：1°
最高气温：4°
最低温度：-5°
天气情况:多云转晴
PM值：PM 2.5
舒适指数：('116', '轻')

Wed, 27 Dec 2017 14:29:44 weather.py[line:28] DEBUG 城市：北京
现在的温度：1°
最高气温：4°
最低温度：-5°
天气情况:多云转晴
PM值：PM 2.5
舒适指数：('116', '轻')
Wed, 27 Dec 2017 14:30:02 weather.py[line:28] INFO 城市：北京
现在的温度：1°
最高气温：4°
最低温度：-5°
天气情况:多云转晴
PM值：PM 2.5
舒适指数：('116', '轻')
Wed, 27 Dec 2017 14:30:11 weather.py[line:28] INFO 城市：北京
现在的温度：1°
最高气温：4°
最低温度：-5°
天气情况:多云转晴
PM值：PM 2.5
舒适指数：('116', '轻')
Wed, 27 Dec 2017 14:30:27 weather.py[line:28] WARNING 城市：北京
现在的温度：1°
最高气温：4°
最低温度：-5°
天气情况:多云转晴
PM值：PM 2.5
舒适指数：('116', '轻')
Wed, 2017-12-27 14:35:43 weather.py[line:28] WARNING 城市：北京
现在的温度：1°
最高气温：4°
最低温度：-5°
天气情况:多云转晴
PM值：PM 2.5
舒适指数：('116', '轻')
2017-12-27 14:36:09 weather.py[line:28] WARNING 城市：北京
现在的温度：1°
最高气温：4°
最低温度：-5°
天气情况:多云转晴
PM值：PM 2.5
舒适指数：('116', '轻')
